06-Jun-20 16:10:57 - ------------------------------
06-Jun-20 16:10:57 - Word before: 		Ghbdtn Vbh!
06-Jun-20 16:10:57 - Word after : 		Привет Мир!
06-Jun-20 16:10:57 - xdotool exit code: 0
06-Jun-20 16:10:57 - xsel exit code: 	0
06-Jun-20 16:10:57 - layout change exit code: None

06-Jun-20 16:11:21 - ------------------------------
06-Jun-20 16:11:21 - Word before: 		Привет Мир!
06-Jun-20 16:11:21 - Word after : 		Ghbdtn Vbh!
06-Jun-20 16:11:21 - xdotool exit code: 0
06-Jun-20 16:11:21 - xsel exit code: 	0
06-Jun-20 16:11:21 - layout change exit code: None

06-Jun-20 16:22:45 - ------------------------------
06-Jun-20 16:22:45 - Word before: 		Hello World
06-Jun-20 16:22:45 - Word after : 		Руддщ Цщкдв
06-Jun-20 16:22:45 - xdotool exit code: 0
06-Jun-20 16:22:45 - xsel exit code: 	0
06-Jun-20 16:22:45 - layout change exit code: None


08-Jun-20 10:24:17 - ------------------------------
08-Jun-20 10:24:17 - Word before: 		https://blog.miguelgrinberg.com/post/how-to-make-python-wait
08-Jun-20 10:24:17 - Word after : 		реезыЖ..идщпЮьшпгудпкштиукпЮсщь.зщые.рщц-ещ-ьфлу-знерщт-цфше
08-Jun-20 10:24:17 - xdotool exit code: 0
08-Jun-20 10:24:17 - xsel exit code: 	0
08-Jun-20 10:24:17 - layout change exit code: None

